<?xml version="1.0" encoding="UTF-8"?>
<testsuite xmlns:xsi="http://www.w3.org/2001/XMLSchema-instance" xsi:noNamespaceSchemaLocation="https://maven.apache.org/surefire/maven-surefire-plugin/xsd/surefire-test-report-3.0.xsd" version="3.0" name="test feature 2" time="29.017" tests="2" errors="0" skipped="0" failures="0">
  <properties>
[...]
</properties>
  <testcase name="testing for the first feature for 4" classname="test feature 2" time="14.767">
    <system-out><![CDATA[
Scenario: testing for the first feature for 4          # src/test/resources/FeatureFileParallel/test1.feature:3
Passed File Path:/src/test/resources/DataConfig/Browser.properties
Passed File Path:/src/test/resources/DataConfig/BrowserStackConfigs.properties
Passed File Path:/src/test/resources/DataConfig/Mobile.properties
testing for the first feature for 4 is being running at :: 20
Thread id :: 20 got in to the blockThread ID :: 20 the number is pageactions.PageObjectInitialization@1deb50c1
  Given user types "https://www.amazon.com" for amazon # stepDefinitions.MyStepdefs.userTypes(java.lang.String)
  Then Searches for "iPhone" in Amazon                 # stepDefinitions.MyStepdefs.searchesForInAmazon(java.lang.String)
Thread ID :: 20 the number is pageactions.PageObjectInitialization@1deb50c1
  Then Validates the presence of header "Amazon"       # stepDefinitions.MyStepDef2.validatesThePresenceOfHeader(java.lang.String)
]]></system-out>
    <system-err><![CDATA[SLF4J: No SLF4J providers were found.
SLF4J: Defaulting to no-operation (NOP) logger implementation
SLF4J: See https://www.slf4j.org/codes.html#noProviders for further details.
ERROR StatusLogger Log4j2 could not find a logging implementation. Please add log4j-core to the classpath. Using SimpleLogger to log to the console...
Starting ChromeDriver 112.0.5615.49 (bd2a7bcb881c11e8cfe3078709382934e3916914-refs/branch-heads/5615@{#936}) on port 2665
Only local connections are allowed.
Please see https://chromedriver.chromium.org/security-considerations for suggestions on keeping ChromeDriver safe.
ChromeDriver was started successfully.
May 01, 2023 1:40:25 PM org.openqa.selenium.devtools.CdpVersionFinder findNearestMatch
WARNING: Unable to find an exact match for CDP version 112, so returning the closest version found: 110
]]></system-err>
  </testcase>
  <testcase name="testing for the first feature for 3" classname="test feature 2" time="14.247">
    <system-out><![CDATA[
Scenario: testing for the first feature for 3               # src/test/resources/FeatureFileParallel/test1.feature:8
Passed File Path:/src/test/resources/DataConfig/Browser.properties
Passed File Path:/src/test/resources/DataConfig/BrowserStackConfigs.properties
Passed File Path:/src/test/resources/DataConfig/Mobile.properties
testing for the first feature for 3 is being running at :: 20
Thread id :: 20 DIDNOT got in to the blockThread ID :: 20 the number is pageactions.PageObjectInitialization@15d44fe
  Given user types "https://www.flipkart.com/" for flipkart # stepDefinitions.MyStepDef3.userTypes(java.lang.String)
  When the modal appears close it                           # stepDefinitions.MyStepDef3.theModalAppearsCloseIt()
  Then Searches for "iPhone" in Flipkart                    # stepDefinitions.MyStepDef3.searchesForInAmazon(java.lang.String)
Thread ID :: 20 the number is pageactions.PageObjectInitialization@15d44fe
  Then Validates the presence of header "Flipkart"          # stepDefinitions.MyStepDef2.validatesThePresenceOfHeader(java.lang.String)
]]></system-out>
    <system-err><![CDATA[Starting ChromeDriver 112.0.5615.49 (bd2a7bcb881c11e8cfe3078709382934e3916914-refs/branch-heads/5615@{#936}) on port 22720
Only local connections are allowed.
Please see https://chromedriver.chromium.org/security-considerations for suggestions on keeping ChromeDriver safe.
ChromeDriver was started successfully.
May 01, 2023 1:40:37 PM org.openqa.selenium.devtools.CdpVersionFinder findNearestMatch
WARNING: Unable to find an exact match for CDP version 112, so returning the closest version found: 110
]]></system-err>
  </testcase>
</testsuite>